<?xml version="1.0" encoding="UTF-8"?>
<testng-results ignored="0" total="1" passed="1" failed="0" skipped="0">
  <reporter-output>
  </reporter-output>
  <suite started-at="2024-11-09T13:53:29 IST" name="Default suite" finished-at="2024-11-09T13:53:36 IST" duration-ms="6810">
    <groups>
    </groups>
    <test started-at="2024-11-09T13:53:29 IST" name="Default test" finished-at="2024-11-09T13:53:36 IST" duration-ms="6810">
      <class name="testCases.VerifyFBPOMLogin">
        <test-method is-config="true" signature="setup()[pri:0, instance:testCases.VerifyFBPOMLogin@60099951]" started-at="2024-11-09T13:53:29 IST" name="setup" finished-at="2024-11-09T13:53:33 IST" duration-ms="4435" status="PASS">
          <reporter-output>
          </reporter-output>
        </test-method> <!-- setup -->
        <test-method signature="login()[pri:0, instance:testCases.VerifyFBPOMLogin@60099951]" started-at="2024-11-09T13:53:33 IST" name="login" finished-at="2024-11-09T13:53:35 IST" duration-ms="2097" status="PASS">
          <reporter-output>
          </reporter-output>
        </test-method> <!-- login -->
        <test-method is-config="true" signature="close(org.testng.ITestResult)[pri:0, instance:testCases.VerifyFBPOMLogin@60099951]" started-at="2024-11-09T13:53:35 IST" name="close" finished-at="2024-11-09T13:53:36 IST" duration-ms="234" status="PASS">
          <params>
            <param index="0">
              <value>
                <![CDATA[[TestResult name=login status=SUCCESS method=VerifyFBPOMLogin.login()[pri:0, instance:testCases.VerifyFBPOMLogin@60099951] output={null}]]]>
              </value>
            </param>
          </params>
          <reporter-output>
          </reporter-output>
        </test-method> <!-- close -->
      </class> <!-- testCases.VerifyFBPOMLogin -->
    </test> <!-- Default test -->
  </suite> <!-- Default suite -->
</testng-results>
